<?xml version="1.0" encoding="UTF-8"?>
<testng-results skipped="0" failed="0" ignored="0" total="1" passed="1">
  <reporter-output>
    <line>
      <![CDATA[hello]]>
    </line>
    <line>
      <![CDATA[hello]]>
    </line>
    <line>
      <![CDATA[hello]]>
    </line>
    <line>
      <![CDATA[hello]]>
    </line>
    <line>
      <![CDATA[hello]]>
    </line>
    <line>
      <![CDATA[hello]]>
    </line>
  </reporter-output>
  <suite name="Default suite" duration-ms="51" started-at="2020-08-10T17:04:49 IST" finished-at="2020-08-10T17:04:49 IST">
    <groups>
    </groups>
    <test name="Default test" duration-ms="51" started-at="2020-08-10T17:04:49 IST" finished-at="2020-08-10T17:04:49 IST">
      <class name="flipkart.Demo1">
        <test-method status="PASS" signature="demo()[pri:0, instance:flipkart.Demo1@1877ab81]" name="demo" duration-ms="10" started-at="2020-08-10T17:04:49 IST" finished-at="2020-08-10T17:04:49 IST">
          <reporter-output>
            <line>
              <![CDATA[hello]]>
            </line>
            <line>
              <![CDATA[hello]]>
            </line>
            <line>
              <![CDATA[hello]]>
            </line>
            <line>
              <![CDATA[hello]]>
            </line>
            <line>
              <![CDATA[hello]]>
            </line>
            <line>
              <![CDATA[hello]]>
            </line>
          </reporter-output>
        </test-method> <!-- demo -->
      </class> <!-- flipkart.Demo1 -->
    </test> <!-- Default test -->
  </suite> <!-- Default suite -->
</testng-results>
